Using pre-set license
Built from '6000.0/staging' branch; Version is '6000.0.37f1 (090b7797214c) revision 592759'; Using compiler version '193933523'; Build Type 'Release'
OS: 'Windows 11  (10.0.26100) 64bit Professional' Language: 'es' Physical Memory: 32175 MB
BatchMode: 1, IsHumanControllingUs: 0, StartBugReporterOnCrash: 0, Is64bit: 1, IsPro: 1

COMMAND LINE ARGUMENTS:
C:\Program Files\Unity\Hub\Editor\6000.0.37f1\Editor\Unity.exe
-adb2
-batchMode
-noUpm
-name
AssetImportWorker4
-projectPath
C:/Users/angul/Desktop/Juego motores/PutandWork/Put and Work
-logFile
Logs/AssetImportWorker4.log
-srvPort
50050
-job-worker-count
7
-background-job-worker-count
8
-gc-helper-count
1
Successfully changed project path to: C:/Users/angul/Desktop/Juego motores/PutandWork/Put and Work
C:/Users/angul/Desktop/Juego motores/PutandWork/Put and Work
[UnityMemory] Configuration Parameters - Can be set up in boot.config
    "memorysetup-bucket-allocator-granularity=16"
    "memorysetup-bucket-allocator-bucket-count=8"
    "memorysetup-bucket-allocator-block-size=33554432"
    "memorysetup-bucket-allocator-block-count=8"
    "memorysetup-main-allocator-block-size=16777216"
    "memorysetup-thread-allocator-block-size=16777216"
    "memorysetup-gfx-main-allocator-block-size=16777216"
    "memorysetup-gfx-thread-allocator-block-size=16777216"
    "memorysetup-cache-allocator-block-size=4194304"
    "memorysetup-typetree-allocator-block-size=2097152"
    "memorysetup-profiler-bucket-allocator-granularity=16"
    "memorysetup-profiler-bucket-allocator-bucket-count=8"
    "memorysetup-profiler-bucket-allocator-block-size=33554432"
    "memorysetup-profiler-bucket-allocator-block-count=8"
    "memorysetup-profiler-allocator-block-size=16777216"
    "memorysetup-profiler-editor-allocator-block-size=1048576"
    "memorysetup-temp-allocator-size-main=16777216"
    "memorysetup-job-temp-allocator-block-size=2097152"
    "memorysetup-job-temp-allocator-block-size-background=1048576"
    "memorysetup-job-temp-allocator-reduction-small-platforms=262144"
    "memorysetup-allocator-temp-initial-block-size-main=262144"
    "memorysetup-allocator-temp-initial-block-size-worker=262144"
    "memorysetup-temp-allocator-size-background-worker=32768"
    "memorysetup-temp-allocator-size-job-worker=262144"
    "memorysetup-temp-allocator-size-preload-manager=33554432"
    "memorysetup-temp-allocator-size-nav-mesh-worker=65536"
    "memorysetup-temp-allocator-size-audio-worker=65536"
    "memorysetup-temp-allocator-size-cloud-worker=32768"
    "memorysetup-temp-allocator-size-gi-baking-worker=262144"
    "memorysetup-temp-allocator-size-gi-baking-worker=262144"
    "memorysetup-temp-allocator-size-gi-baking-worker=262144"
    "memorysetup-temp-allocator-size-gi-baking-worker=262144"
    "memorysetup-temp-allocator-size-gi-baking-worker=262144"
    "memorysetup-temp-allocator-size-gfx=262144"
Player connection [23824]  Target information:

Player connection [23824]  * "[IP] 192.168.1.213 [Port] 0 [Flags] 2 [Guid] 1546006051 [EditorId] 1546006051 [Version] 1048832 [Id] WindowsEditor(7,SAG) [Debug] 1 [PackageName] WindowsEditor [ProjectName] Editor" 

Player connection [23824] Host joined multi-casting on [225.0.0.222:54997]...
Player connection [23824] Host joined alternative multi-casting on [225.0.0.222:34997]...
JobSystem: Creating JobQueue using job-worker-count value 7
Input System module state changed to: Initialized.
[Physics::Module] Initialized fallback backend.
[Physics::Module] Id: 0xdecafbad
Library Redirect Path: Library/
[Physics::Module] Selected backend.
[Physics::Module] Name: PhysX
[Physics::Module] Id: 0xf2b8ea05
[Physics::Module] SDK Version: 4.1.2
[Physics::Module] Integration Version: 1.0.0
[Physics::Module] Threading Mode: Multi-Threaded
Refreshing native plugins compatible for Editor in 5.74 ms, found 3 plugins.
Preloading 0 native plugins for Editor in 0.00 ms.
Initialize engine version: 6000.0.37f1 (090b7797214c)
[Subsystems] Discovering subsystems at path C:/Program Files/Unity/Hub/Editor/6000.0.37f1/Editor/Data/Resources/UnitySubsystems
[Subsystems] Discovering subsystems at path C:/Users/angul/Desktop/Juego motores/PutandWork/Put and Work/Assets
GfxDevice: creating device client; kGfxThreadingModeNonThreaded
Direct3D:
    Version:  Direct3D 11.0 [level 11.1]
    Renderer: NVIDIA GeForce RTX 3070 Laptop GPU (ID=0x249d)
    Vendor:   NVIDIA
    VRAM:     8020 MB
    Driver:   32.0.15.6607
Initialize mono
Mono path[0] = 'C:/Program Files/Unity/Hub/Editor/6000.0.37f1/Editor/Data/Managed'
Mono path[1] = 'C:/Program Files/Unity/Hub/Editor/6000.0.37f1/Editor/Data/MonoBleedingEdge/lib/mono/unityjit-win32'
Mono config path = 'C:/Program Files/Unity/Hub/Editor/6000.0.37f1/Editor/Data/MonoBleedingEdge/etc'
Using monoOptions --debugger-agent=transport=dt_socket,embedding=1,server=y,suspend=n,address=127.0.0.1:56764
Begin MonoManager ReloadAssembly
Registering precompiled unity dll's ...
Register platform support module: C:/Program Files/Unity/Hub/Editor/6000.0.37f1/Editor/Data/PlaybackEngines/WindowsStandaloneSupport/UnityEditor.WindowsStandalone.Extensions.dll
Registered in 0.002866 seconds.
- Loaded All Assemblies, in  0.443 seconds
Native extension for WindowsStandalone target not found
Mono: successfully reloaded assembly
- Finished resetting the current domain, in  0.423 seconds
Domain Reload Profiling: 863ms
	BeginReloadAssembly (141ms)
		ExecutionOrderSort (0ms)
		DisableScriptedObjects (0ms)
		BackupInstance (0ms)
		ReleaseScriptingObjects (0ms)
		CreateAndSetChildDomain (1ms)
	RebuildCommonClasses (45ms)
	RebuildNativeTypeToScriptingClass (11ms)
	initialDomainReloadingComplete (55ms)
	LoadAllAssembliesAndSetupDomain (186ms)
		LoadAssemblies (138ms)
		RebuildTransferFunctionScriptingTraits (0ms)
		AnalyzeDomain (182ms)
			TypeCache.Refresh (180ms)
				TypeCache.ScanAssembly (167ms)
			BuildScriptInfoCaches (0ms)
			ResolveRequiredComponents (0ms)
	FinalizeReload (424ms)
		ReleaseScriptCaches (0ms)
		RebuildScriptCaches (0ms)
		SetupLoadedEditorAssemblies (364ms)
			LogAssemblyErrors (0ms)
			InitializePlatformSupportModulesInManaged (25ms)
			SetLoadedEditorAssemblies (5ms)
			BeforeProcessingInitializeOnLoad (65ms)
			ProcessInitializeOnLoadAttributes (201ms)
			ProcessInitializeOnLoadMethodAttributes (69ms)
			AfterProcessingInitializeOnLoad (0ms)
			EditorAssembliesLoaded (0ms)
		ExecutionOrderSort2 (0ms)
		AwakeInstancesAfterBackupRestoration (0ms)
========================================================================
Worker process is ready to serve import requests
Import Worker Mode flag is 0x00
Begin MonoManager ReloadAssembly
Symbol file LoadedFromMemory is not a mono symbol file
- Loaded All Assemblies, in  0.998 seconds
Refreshing native plugins compatible for Editor in 6.17 ms, found 3 plugins.
Native extension for WindowsStandalone target not found
Refreshing native plugins compatible for Editor in 8.90 ms, found 3 plugins.
Mono: successfully reloaded assembly
- Finished resetting the current domain, in  1.089 seconds
Domain Reload Profiling: 2081ms
	BeginReloadAssembly (223ms)
		ExecutionOrderSort (0ms)
		DisableScriptedObjects (8ms)
		BackupInstance (0ms)
		ReleaseScriptingObjects (0ms)
		CreateAndSetChildDomain (43ms)
	RebuildCommonClasses (44ms)
	RebuildNativeTypeToScriptingClass (13ms)
	initialDomainReloadingComplete (50ms)
	LoadAllAssembliesAndSetupDomain (661ms)
		LoadAssemblies (469ms)
		RebuildTransferFunctionScriptingTraits (0ms)
		AnalyzeDomain (313ms)
			TypeCache.Refresh (225ms)
				TypeCache.ScanAssembly (202ms)
			BuildScriptInfoCaches (72ms)
			ResolveRequiredComponents (12ms)
	FinalizeReload (1089ms)
		ReleaseScriptCaches (0ms)
		RebuildScriptCaches (0ms)
		SetupLoadedEditorAssemblies (884ms)
			LogAssemblyErrors (0ms)
			InitializePlatformSupportModulesInManaged (4ms)
			SetLoadedEditorAssemblies (8ms)
			BeforeProcessingInitializeOnLoad (139ms)
			ProcessInitializeOnLoadAttributes (449ms)
			ProcessInitializeOnLoadMethodAttributes (277ms)
			AfterProcessingInitializeOnLoad (6ms)
			EditorAssembliesLoaded (1ms)
		ExecutionOrderSort2 (0ms)
		AwakeInstancesAfterBackupRestoration (7ms)
Launched and connected shader compiler UnityShaderCompiler.exe after 0.01 seconds
Refreshing native plugins compatible for Editor in 9.66 ms, found 3 plugins.
Preloading 0 native plugins for Editor in 0.00 ms.
Unloading 239 Unused Serialized files (Serialized files now loaded: 0)
Unloading 7025 unused Assets / (10.3 MB). Loaded Objects now: 7648.
Memory consumption went from 172.8 MB to 162.5 MB.
Total: 37.396800 ms (FindLiveObjects: 1.497600 ms CreateObjectMapping: 2.459200 ms MarkObjects: 23.077400 ms  DeleteObjects: 10.359700 ms)

========================================================================
Received Import Request.
  Time since last request: 1825.253054 seconds.
  path: Assets/Erik Assets/GPVFX_POTIONS PACK/TEMP/IMG_0440.JPG
  artifactKey: Guid(bdd5053d444d94aaab2beadfda253dfb) Importer(2089858483,192608db42251d675da83286b1cce702)
Start importing Assets/Erik Assets/GPVFX_POTIONS PACK/TEMP/IMG_0440.JPG using Guid(bdd5053d444d94aaab2beadfda253dfb) Importer(2089858483,192608db42251d675da83286b1cce702) (ScriptedImporter) -> (artifact id: 'f7d185bfa39a396f4ce2ace724847f6b') in 0.306587 seconds
Number of updated asset objects reloaded before import = 0Number of asset objects unloaded after import = 1

========================================================================
Received Import Request.
  Time since last request: 0.000024 seconds.
  path: Assets/Erik Assets/GPVFX_POTIONS PACK/VFX/VFX_Meshes/GPVFX_Glass Shards.obj
  artifactKey: Guid(e510d6e4a046e4545b0ecd59a417209f) Importer(2089858483,192608db42251d675da83286b1cce702)
Start importing Assets/Erik Assets/GPVFX_POTIONS PACK/VFX/VFX_Meshes/GPVFX_Glass Shards.obj using Guid(e510d6e4a046e4545b0ecd59a417209f) Importer(2089858483,192608db42251d675da83286b1cce702) (ScriptedImporter) -> (artifact id: '8fe2a9eab3513c194545f1021e6237a5') in 0.0694333 seconds
Number of updated asset objects reloaded before import = 0Number of asset objects unloaded after import = 29

========================================================================
Received Import Request.
  Time since last request: 0.000028 seconds.
  path: Assets/Erik Assets/GPVFX_POTIONS PACK/2D/2D Potions/2D Sprites/POTION E_2D Detail_Cracked.png
  artifactKey: Guid(b93ecdc6d565145838ea53558b011ced) Importer(2089858483,192608db42251d675da83286b1cce702)
Start importing Assets/Erik Assets/GPVFX_POTIONS PACK/2D/2D Potions/2D Sprites/POTION E_2D Detail_Cracked.png using Guid(b93ecdc6d565145838ea53558b011ced) Importer(2089858483,192608db42251d675da83286b1cce702) (ScriptedImporter) -> (artifact id: 'ea0609706f118a13a5d5f9ed99efb9cf') in 0.0327989 seconds
Number of updated asset objects reloaded before import = 0Number of asset objects unloaded after import = 3

========================================================================
Received Import Request.
  Time since last request: 0.000017 seconds.
  path: Assets/Erik Assets/Balloon/Prefab/Balloon_Blue.prefab
  artifactKey: Guid(802d434833507f14fab8448deab02da3) Importer(2089858483,192608db42251d675da83286b1cce702)
Start importing Assets/Erik Assets/Balloon/Prefab/Balloon_Blue.prefab using Guid(802d434833507f14fab8448deab02da3) Importer(2089858483,192608db42251d675da83286b1cce702) (ScriptedImporter) -> (artifact id: '9f975cc4c825f60d877c3ab3a56e1e70') in 0.0604287 seconds
Number of updated asset objects reloaded before import = 0Number of asset objects unloaded after import = 8

========================================================================
Received Import Request.
  Time since last request: 0.000023 seconds.
  path: Assets/Erik Assets/Garbage Heap/Texture/Pl0145_normal.psd
  artifactKey: Guid(be8dfea3d80c8fb4aa4e863f248b2972) Importer(2089858483,192608db42251d675da83286b1cce702)
Start importing Assets/Erik Assets/Garbage Heap/Texture/Pl0145_normal.psd using Guid(be8dfea3d80c8fb4aa4e863f248b2972) Importer(2089858483,192608db42251d675da83286b1cce702) (ScriptedImporter) -> (artifact id: 'd3e0c70bdbf20ce4743ea189b649b5c0') in 0.0229932 seconds
Number of updated asset objects reloaded before import = 0Number of asset objects unloaded after import = 1

========================================================================
Received Import Request.
  Time since last request: 0.000021 seconds.
  path: Assets/Erik Assets/Balloon/Scene/Scene_Yellow_Balloon.unity
  artifactKey: Guid(d0956578375f6234c81105b9ae0e11fe) Importer(2089858483,192608db42251d675da83286b1cce702)
Start importing Assets/Erik Assets/Balloon/Scene/Scene_Yellow_Balloon.unity using Guid(d0956578375f6234c81105b9ae0e11fe) Importer(2089858483,192608db42251d675da83286b1cce702) (ScriptedImporter) -> (artifact id: '9d527b6224bdb860319c90f470e5c0b1') in 0.0179671 seconds
Number of updated asset objects reloaded before import = 0Number of asset objects unloaded after import = 1

========================================================================
Received Import Request.
  Time since last request: 0.000052 seconds.
  path: Assets/Erik Assets/GPVFX_POTIONS PACK/3D/POTIONS_Exploded/GPVFX_Potion A_Explode.fbx
  artifactKey: Guid(3b976111dc27945098e7e518f008872f) Importer(2089858483,192608db42251d675da83286b1cce702)
Start importing Assets/Erik Assets/GPVFX_POTIONS PACK/3D/POTIONS_Exploded/GPVFX_Potion A_Explode.fbx using Guid(3b976111dc27945098e7e518f008872f) Importer(2089858483,192608db42251d675da83286b1cce702) (ScriptedImporter) -> (artifact id: '6d0f67277f09a8349804c7306191522d') in 0.0393761 seconds
Number of updated asset objects reloaded before import = 0Number of asset objects unloaded after import = 10

========================================================================
Received Import Request.
  Time since last request: 0.000023 seconds.
  path: Assets/Erik Assets/GPVFX_POTIONS PACK/VFX/VFX_Textures/Magic_Mute.png
  artifactKey: Guid(110509f220ffc4b66996bb9e80b46a28) Importer(2089858483,192608db42251d675da83286b1cce702)
Start importing Assets/Erik Assets/GPVFX_POTIONS PACK/VFX/VFX_Textures/Magic_Mute.png using Guid(110509f220ffc4b66996bb9e80b46a28) Importer(2089858483,192608db42251d675da83286b1cce702) (ScriptedImporter) -> (artifact id: 'a6fedc6caa630e8bb90fed299294b30f') in 0.0239945 seconds
Number of updated asset objects reloaded before import = 0Number of asset objects unloaded after import = 3

========================================================================
Received Import Request.
  Time since last request: 0.000027 seconds.
  path: Assets/Erik Assets/GPVFX_POTIONS PACK/Animation Controllers/GPVFX_Automaton.controller
  artifactKey: Guid(fb54089fd47fe4912b4d7f4e21ed112f) Importer(2089858483,192608db42251d675da83286b1cce702)
Start importing Assets/Erik Assets/GPVFX_POTIONS PACK/Animation Controllers/GPVFX_Automaton.controller using Guid(fb54089fd47fe4912b4d7f4e21ed112f) Importer(2089858483,192608db42251d675da83286b1cce702) (ScriptedImporter) -> (artifact id: '96ed285f79542b7734b2117c07eab435') in 0.0161395 seconds
Number of updated asset objects reloaded before import = 0Number of asset objects unloaded after import = 4

========================================================================
Received Import Request.
  Time since last request: 0.000018 seconds.
  path: Assets/Erik Assets/GPVFX_POTIONS PACK/2D/2D Potions/2D Sprites/POTION B_2D Bottle Fill.png
  artifactKey: Guid(a7df5c8f2260744babbce3ab0101ee70) Importer(2089858483,192608db42251d675da83286b1cce702)
Start importing Assets/Erik Assets/GPVFX_POTIONS PACK/2D/2D Potions/2D Sprites/POTION B_2D Bottle Fill.png using Guid(a7df5c8f2260744babbce3ab0101ee70) Importer(2089858483,192608db42251d675da83286b1cce702) (ScriptedImporter) -> (artifact id: 'e845c28048d8156f68446f6a62c35b63') in 0.0210265 seconds
Number of updated asset objects reloaded before import = 0Number of asset objects unloaded after import = 3

========================================================================
Received Import Request.
  Time since last request: 0.000017 seconds.
  path: Assets/Erik Assets/GPVFX_POTIONS PACK/VFX/VFX_Textures/Sparkle.png
  artifactKey: Guid(d476167fea2184eb6a77c3de0bb45b3f) Importer(2089858483,192608db42251d675da83286b1cce702)
Start importing Assets/Erik Assets/GPVFX_POTIONS PACK/VFX/VFX_Textures/Sparkle.png using Guid(d476167fea2184eb6a77c3de0bb45b3f) Importer(2089858483,192608db42251d675da83286b1cce702) (ScriptedImporter) -> (artifact id: '6950ba06f45d55449def7757b86c1092') in 0.0234307 seconds
Number of updated asset objects reloaded before import = 0Number of asset objects unloaded after import = 3

========================================================================
Received Import Request.
  Time since last request: 0.000033 seconds.
  path: Assets/Erik Assets/Barrel/Demo/Materials/stone_mat.mat
  artifactKey: Guid(aef1a8f976ceaeb47bd5f356761f2c66) Importer(2089858483,192608db42251d675da83286b1cce702)
Start importing Assets/Erik Assets/Barrel/Demo/Materials/stone_mat.mat using Guid(aef1a8f976ceaeb47bd5f356761f2c66) Importer(2089858483,192608db42251d675da83286b1cce702) (ScriptedImporter) -> (artifact id: 'd3c382a6572bed7db607ed06c65675bb') in 0.0372534 seconds
Number of updated asset objects reloaded before import = 0Number of asset objects unloaded after import = 4

Editor requested this worker to shutdown with reason: Scaling down because of idle timeout
AssetImportWorker is now disconnected from the server
Process exiting
Exiting without the bug reporter. Application will terminate with return code 0